{"level":"info","message":"Connected to server","service":"user-service","timestamp":"2023-08-16 11:01:50"}
{"level":"info","message":"Connected to database","service":"user-service","timestamp":"2023-08-16 11:01:53"}
{"level":"info","message":"Connected to server","timestamp":"2023-08-16 12:22:58"}
{"level":"info","message":"Connected to database","timestamp":"2023-08-16 12:23:01"}
{"level":"info","message":"User Created Successfully","timestamp":"2023-08-16 12:23:11"}
{"level":"info","message":"Connected to server","timestamp":"2023-08-16 12:25:59"}
{"level":"info","message":"Connected to database","timestamp":"2023-08-16 12:26:02"}
{"level":"info","message":"User already exists","timestamp":"2023-08-16 12:26:19"}
{"level":"info","message":"Connected to server","timestamp":"2023-08-16 12:31:01"}
{"level":"info","message":"Connected to database","timestamp":"2023-08-16 12:31:03"}
{"level":"error","message":"Incorrect Email or password","timestamp":"2023-08-16 12:31:05"}
{"level":"info","message":"Connected to server","timestamp":"2023-08-16 12:32:07"}
{"level":"info","message":"Connected to database","timestamp":"2023-08-16 12:32:09"}
{"level":"info","message":"Signed in successfully!!!","timestamp":"2023-08-16 12:32:24"}
{"level":"info","message":"Connected to server","timestamp":"2023-08-16 12:43:49"}
{"level":"info","message":"Connected to database","timestamp":"2023-08-16 12:43:52"}
{"level":"info","message":"Question searched Successfully!!","timestamp":"2023-08-16 12:44:12"}
{"level":"info","message":"Signed in successfully!!!","timestamp":"2023-08-16 13:08:04"}
{"level":"info","message":"Connected to server","timestamp":"2023-08-16 13:10:10"}
{"level":"info","message":"Connected to database","timestamp":"2023-08-16 13:10:13"}
{"level":"info","message":"Question created successfully","timestamp":"2023-08-16 13:11:28"}
{"level":"info","message":"Connected to server","timestamp":"2023-08-16 13:18:10"}
{"level":"info","message":"Connected to database","timestamp":"2023-08-16 13:18:14"}
{"level":"info","message":"Blogs Read successfully","timestamp":"2023-08-16 13:18:32"}
{"level":"info","message":"Connected to server","timestamp":"2023-08-16 13:19:21"}
{"level":"info","message":"Connected to database","timestamp":"2023-08-16 13:19:23"}
{"_message":"question validation failed","errors":{"userId":{"kind":"ObjectId","message":"Cast to ObjectId failed for value \"64dc6432a6bbbc2026a9\" (type string) at path \"userId\" because of \"BSONError\"","name":"CastError","path":"userId","reason":{},"stringValue":"\"64dc6432a6bbbc2026a9\"","value":"64dc6432a6bbbc2026a9","valueType":"string"}},"level":"error","message":"question validation failed: userId: Cast to ObjectId failed for value \"64dc6432a6bbbc2026a9\" (type string) at path \"userId\" because of \"BSONError\"","name":"ValidationError","timestamp":"2023-08-16 13:20:31"}
{"level":"info","message":"Connected to server","timestamp":"2023-08-16 13:36:25"}
{"level":"info","message":"Connected to database","timestamp":"2023-08-16 13:36:27"}
{"level":"info","message":"Question created successfully","timestamp":"2023-08-16 13:36:29"}
{"_message":"question validation failed","errors":{"userId":{"kind":"ObjectId","message":"Cast to ObjectId failed for value \"64dc6432a6bbbc202b556c6a9\" (type string) at path \"userId\" because of \"BSONError\"","name":"CastError","path":"userId","reason":{},"stringValue":"\"64dc6432a6bbbc202b556c6a9\"","value":"64dc6432a6bbbc202b556c6a9","valueType":"string"}},"level":"error","message":"question validation failed: userId: Cast to ObjectId failed for value \"64dc6432a6bbbc202b556c6a9\" (type string) at path \"userId\" because of \"BSONError\"","name":"ValidationError","timestamp":"2023-08-16 13:36:33"}
{"level":"info","message":"Question created successfully","timestamp":"2023-08-16 14:04:04"}
{"_message":"question validation failed","errors":{"userId":{"kind":"ObjectId","message":"Cast to ObjectId failed for value \"64dc6432a6bbbc202556c6a9879\" (type string) at path \"userId\" because of \"BSONError\"","name":"CastError","path":"userId","reason":{},"stringValue":"\"64dc6432a6bbbc202556c6a9879\"","value":"64dc6432a6bbbc202556c6a9879","valueType":"string"}},"level":"error","message":"question validation failed: userId: Cast to ObjectId failed for value \"64dc6432a6bbbc202556c6a9879\" (type string) at path \"userId\" because of \"BSONError\"","name":"ValidationError","timestamp":"2023-08-16 14:04:14"}
{"level":"info","message":"Blog Read successfully","timestamp":"2023-08-16 16:27:14"}
{"level":"info","message":"Connected to server","timestamp":"2023-08-16 16:29:49"}
{"level":"info","message":"Connected to database","timestamp":"2023-08-16 16:29:51"}
{"level":"info","message":"Blogs posted successfully","timestamp":"2023-08-16 16:31:21"}
{"level":"info","message":"Blogs updated successfully","timestamp":"2023-08-16 16:34:44"}
{"level":"info","message":"Blogs Read successfully","timestamp":"2023-08-16 16:35:21"}
{"level":"info","message":"Blogs deleted successfully","timestamp":"2023-08-16 16:35:54"}
{"level":"info","message":"Connected to server","timestamp":"2023-08-16 16:43:23"}
{"level":"info","message":"Connected to database","timestamp":"2023-08-16 16:43:25"}
